
> webrtc-meeting-frontend@0.1.0 start
> react-scripts start

(node:49691) [DEP_WEBPACK_DEV_SERVER_ON_AFTER_SETUP_MIDDLEWARE] DeprecationWarning: 'onAfterSetupMiddleware' option is deprecated. Please use the 'setupMiddlewares' option.
(Use `node --trace-deprecation ...` to show where the warning was created)
(node:49691) [DEP_WEBPACK_DEV_SERVER_ON_BEFORE_SETUP_MIDDLEWARE] DeprecationWarning: 'onBeforeSetupMiddleware' option is deprecated. Please use the 'setupMiddlewares' option.
Starting the development server...

Compiled successfully!

You can now view webrtc-meeting-frontend in the browser.

  Local:            http://localhost:3000
  On Your Network:  http://10.30.100.187:3000

Note that the development build is not optimized.
To create a production build, use npm run build.

webpack compiled successfully
(node:49691) [DEP0060] DeprecationWarning: The `util._extend` API is deprecated. Please use Object.assign() instead.
Compiling...
Compiled with warnings.

[eslint] 
src/components/MeetingRoom.js
  Line 26:9:   'remoteVideoRefs' is assigned a value but never used                                                                                              no-unused-vars
  Line 47:6:   React Hook useEffect has missing dependencies: 'cleanup', 'connectWebSocket', and 'navigate'. Either include them or remove the dependency array  react-hooks/exhaustive-deps
  Line 111:5:  Expected a default case                                                                                                                           default-case

Search for the keywords to learn more about each warning.
To ignore, add // eslint-disable-next-line to the line before.

WARNING in [eslint] 
src/components/MeetingRoom.js
  Line 26:9:   'remoteVideoRefs' is assigned a value but never used                                                                                              no-unused-vars
  Line 47:6:   React Hook useEffect has missing dependencies: 'cleanup', 'connectWebSocket', and 'navigate'. Either include them or remove the dependency array  react-hooks/exhaustive-deps
  Line 111:5:  Expected a default case                                                                                                                           default-case

webpack compiled with 1 warning
